This file contains any messages produced by compilers while
running configure, to aid debugging if configure makes a mistake.

It was created by uiohook configure 1.1.0, which was
generated by GNU Autoconf 2.69.  Invocation command line was

  $ ./configure 

## --------- ##
## Platform. ##
## --------- ##

hostname = bwp-System-Product-Name
uname -m = x86_64
uname -r = 4.15.0-51-generic
uname -s = Linux
uname -v = #55-Ubuntu SMP Wed May 15 14:27:21 UTC 2019

/usr/bin/uname -p = unknown
/bin/uname -X     = unknown

/bin/arch              = unknown
/usr/bin/arch -k       = unknown
/usr/convex/getsysinfo = unknown
/usr/bin/hostinfo      = unknown
/bin/machine           = unknown
/usr/bin/oslevel       = unknown
/bin/universe          = unknown

PATH: /usr/lib/node_modules/npm/node_modules/npm-lifecycle/node-gyp-bin
PATH: /home/bwp/softphone/test/iohook/node_modules/.bin
PATH: /home/bwp/miniconda3/bin
PATH: /home/bwp/miniconda3/condabin
PATH: /usr/local/sbin
PATH: /usr/local/bin
PATH: /usr/sbin
PATH: /usr/bin
PATH: /sbin
PATH: /bin
PATH: /usr/games
PATH: /usr/local/games
PATH: /opt/mssql-tools/bin


## ----------- ##
## Core tests. ##
## ----------- ##

configure:2531: checking build system type
configure:2545: result: x86_64-pc-linux-gnu
configure:2565: checking host system type
configure:2578: result: x86_64-pc-linux-gnu
configure:2599: checking target system type
configure:2612: result: x86_64-pc-linux-gnu
configure:2656: checking for a BSD-compatible install
configure:2724: result: /usr/bin/install -c
configure:2735: checking whether build environment is sane
configure:2790: result: yes
configure:2941: checking for a thread-safe mkdir -p
configure:2980: result: /bin/mkdir -p
configure:2987: checking for gawk
configure:3003: found /usr/bin/gawk
configure:3014: result: gawk
configure:3025: checking whether make sets $(MAKE)
configure:3047: result: yes
configure:3076: checking whether make supports nested variables
configure:3093: result: yes
configure:3269: checking for gcc
configure:3285: found /usr/bin/gcc
configure:3296: result: gcc
configure:3525: checking for C compiler version
configure:3534: gcc --version >&5
gcc (Ubuntu 7.4.0-1ubuntu1~18.04) 7.4.0
Copyright (C) 2017 Free Software Foundation, Inc.
This is free software; see the source for copying conditions.  There is NO
warranty; not even for MERCHANTABILITY or FITNESS FOR A PARTICULAR PURPOSE.

configure:3545: $? = 0
configure:3534: gcc -v >&5
Using built-in specs.
COLLECT_GCC=gcc
COLLECT_LTO_WRAPPER=/usr/lib/gcc/x86_64-linux-gnu/7/lto-wrapper
OFFLOAD_TARGET_NAMES=nvptx-none
OFFLOAD_TARGET_DEFAULT=1
Target: x86_64-linux-gnu
Configured with: ../src/configure -v --with-pkgversion='Ubuntu 7.4.0-1ubuntu1~18.04' --with-bugurl=file:///usr/share/doc/gcc-7/README.Bugs --enable-languages=c,ada,c++,go,brig,d,fortran,objc,obj-c++ --prefix=/usr --with-gcc-major-version-only --program-suffix=-7 --program-prefix=x86_64-linux-gnu- --enable-shared --enable-linker-build-id --libexecdir=/usr/lib --without-included-gettext --enable-threads=posix --libdir=/usr/lib --enable-nls --with-sysroot=/ --enable-clocale=gnu --enable-libstdcxx-debug --enable-libstdcxx-time=yes --with-default-libstdcxx-abi=new --enable-gnu-unique-object --disable-vtable-verify --enable-libmpx --enable-plugin --enable-default-pie --with-system-zlib --with-target-system-zlib --enable-objc-gc=auto --enable-multiarch --disable-werror --with-arch-32=i686 --with-abi=m64 --with-multilib-list=m32,m64,mx32 --enable-multilib --with-tune=generic --enable-offload-targets=nvptx-none --without-cuda-driver --enable-checking=release --build=x86_64-linux-gnu --host=x86_64-linux-gnu --target=x86_64-linux-gnu
Thread model: posix
gcc version 7.4.0 (Ubuntu 7.4.0-1ubuntu1~18.04) 
configure:3545: $? = 0
configure:3534: gcc -V >&5
gcc: error: unrecognized command line option '-V'
gcc: fatal error: no input files
compilation terminated.
configure:3545: $? = 1
configure:3534: gcc -qversion >&5
gcc: error: unrecognized command line option '-qversion'; did you mean '--version'?
gcc: fatal error: no input files
compilation terminated.
configure:3545: $? = 1
configure:3565: checking whether the C compiler works
configure:3587: gcc    conftest.c  >&5
configure:3591: $? = 0
configure:3639: result: yes
configure:3642: checking for C compiler default output file name
configure:3644: result: a.out
configure:3650: checking for suffix of executables
configure:3657: gcc -o conftest    conftest.c  >&5
configure:3661: $? = 0
configure:3683: result: 
configure:3705: checking whether we are cross compiling
configure:3713: gcc -o conftest    conftest.c  >&5
configure:3717: $? = 0
configure:3724: ./conftest
configure:3728: $? = 0
configure:3743: result: no
configure:3748: checking for suffix of object files
configure:3770: gcc -c   conftest.c >&5
configure:3774: $? = 0
configure:3795: result: o
configure:3799: checking whether we are using the GNU C compiler
configure:3818: gcc -c   conftest.c >&5
configure:3818: $? = 0
configure:3827: result: yes
configure:3836: checking whether gcc accepts -g
configure:3856: gcc -c -g  conftest.c >&5
configure:3856: $? = 0
configure:3897: result: yes
configure:3914: checking for gcc option to accept ISO C89
configure:3977: gcc  -c -g -O2  conftest.c >&5
configure:3977: $? = 0
configure:3990: result: none needed
configure:4015: checking whether gcc understands -c and -o together
configure:4037: gcc -c conftest.c -o conftest2.o
configure:4040: $? = 0
configure:4037: gcc -c conftest.c -o conftest2.o
configure:4040: $? = 0
configure:4052: result: yes
configure:4080: checking for style of include used by make
configure:4108: result: GNU
configure:4134: checking dependency style of gcc
configure:4245: result: gcc3
configure:4310: checking for ar
configure:4326: found /usr/bin/ar
configure:4337: result: ar
configure:4363: checking the archiver (ar) interface
configure:4379: gcc -c -g -O2  conftest.c >&5
configure:4379: $? = 0
configure:4381: ar cru libconftest.a conftest.o >&5
ar: `u' modifier ignored since `D' is the default (see `U')
configure:4384: $? = 0
configure:4412: result: ar
configure:4440: checking for gcc option to accept ISO C99
configure:4589: gcc  -c -g -O2  conftest.c >&5
configure:4589: $? = 0
configure:4602: result: none needed
configure:4619: checking for an ANSI C-conforming const
configure:4685: gcc -c -g -O2  conftest.c >&5
configure:4685: $? = 0
configure:4692: result: yes
configure:4705: checking how to run the C preprocessor
configure:4736: gcc -E  conftest.c
configure:4736: $? = 0
configure:4750: gcc -E  conftest.c
conftest.c:11:10: fatal error: ac_nonexistent.h: No such file or directory
 #include <ac_nonexistent.h>
          ^~~~~~~~~~~~~~~~~~
compilation terminated.
configure:4750: $? = 1
configure: failed program was:
| /* confdefs.h */
| #define PACKAGE_NAME "uiohook"
| #define PACKAGE_TARNAME "uiohook"
| #define PACKAGE_VERSION "1.1.0"
| #define PACKAGE_STRING "uiohook 1.1.0"
| #define PACKAGE_BUGREPORT "alex@1stleg.com"
| #define PACKAGE_URL ""
| #define PACKAGE "uiohook"
| #define VERSION "1.1.0"
| /* end confdefs.h.  */
| #include <ac_nonexistent.h>
configure:4775: result: gcc -E
configure:4795: gcc -E  conftest.c
configure:4795: $? = 0
configure:4809: gcc -E  conftest.c
conftest.c:11:10: fatal error: ac_nonexistent.h: No such file or directory
 #include <ac_nonexistent.h>
          ^~~~~~~~~~~~~~~~~~
compilation terminated.
configure:4809: $? = 1
configure: failed program was:
| /* confdefs.h */
| #define PACKAGE_NAME "uiohook"
| #define PACKAGE_TARNAME "uiohook"
| #define PACKAGE_VERSION "1.1.0"
| #define PACKAGE_STRING "uiohook 1.1.0"
| #define PACKAGE_BUGREPORT "alex@1stleg.com"
| #define PACKAGE_URL ""
| #define PACKAGE "uiohook"
| #define VERSION "1.1.0"
| /* end confdefs.h.  */
| #include <ac_nonexistent.h>
configure:4838: checking for grep that handles long lines and -e
configure:4896: result: /bin/grep
configure:4901: checking for egrep
configure:4963: result: /bin/grep -E
configure:4968: checking for ANSI C header files
configure:4988: gcc -c -g -O2  conftest.c >&5
configure:4988: $? = 0
configure:5061: gcc -o conftest -g -O2   conftest.c  >&5
configure:5061: $? = 0
configure:5061: ./conftest
configure:5061: $? = 0
configure:5072: result: yes
configure:5085: checking for sys/types.h
configure:5085: gcc -c -g -O2  conftest.c >&5
configure:5085: $? = 0
configure:5085: result: yes
configure:5085: checking for sys/stat.h
configure:5085: gcc -c -g -O2  conftest.c >&5
configure:5085: $? = 0
configure:5085: result: yes
configure:5085: checking for stdlib.h
configure:5085: gcc -c -g -O2  conftest.c >&5
configure:5085: $? = 0
configure:5085: result: yes
configure:5085: checking for string.h
configure:5085: gcc -c -g -O2  conftest.c >&5
configure:5085: $? = 0
configure:5085: result: yes
configure:5085: checking for memory.h
configure:5085: gcc -c -g -O2  conftest.c >&5
configure:5085: $? = 0
configure:5085: result: yes
configure:5085: checking for strings.h
configure:5085: gcc -c -g -O2  conftest.c >&5
configure:5085: $? = 0
configure:5085: result: yes
configure:5085: checking for inttypes.h
configure:5085: gcc -c -g -O2  conftest.c >&5
configure:5085: $? = 0
configure:5085: result: yes
configure:5085: checking for stdint.h
configure:5085: gcc -c -g -O2  conftest.c >&5
configure:5085: $? = 0
configure:5085: result: yes
configure:5085: checking for unistd.h
configure:5085: gcc -c -g -O2  conftest.c >&5
configure:5085: $? = 0
configure:5085: result: yes
configure:5097: checking for stdbool.h that conforms to C99
configure:5164: gcc -c -g -O2  conftest.c >&5
configure:5164: $? = 0
configure:5171: result: yes
configure:5173: checking for _Bool
configure:5173: gcc -c -g -O2  conftest.c >&5
configure:5173: $? = 0
configure:5173: gcc -c -g -O2  conftest.c >&5
conftest.c: In function 'main':
conftest.c:57:20: error: expected expression before ')' token
 if (sizeof ((_Bool)))
                    ^
configure:5173: $? = 1
configure: failed program was:
| /* confdefs.h */
| #define PACKAGE_NAME "uiohook"
| #define PACKAGE_TARNAME "uiohook"
| #define PACKAGE_VERSION "1.1.0"
| #define PACKAGE_STRING "uiohook 1.1.0"
| #define PACKAGE_BUGREPORT "alex@1stleg.com"
| #define PACKAGE_URL ""
| #define PACKAGE "uiohook"
| #define VERSION "1.1.0"
| #define STDC_HEADERS 1
| #define HAVE_SYS_TYPES_H 1
| #define HAVE_SYS_STAT_H 1
| #define HAVE_STDLIB_H 1
| #define HAVE_STRING_H 1
| #define HAVE_MEMORY_H 1
| #define HAVE_STRINGS_H 1
| #define HAVE_INTTYPES_H 1
| #define HAVE_STDINT_H 1
| #define HAVE_UNISTD_H 1
| /* end confdefs.h.  */
| #include <stdio.h>
| #ifdef HAVE_SYS_TYPES_H
| # include <sys/types.h>
| #endif
| #ifdef HAVE_SYS_STAT_H
| # include <sys/stat.h>
| #endif
| #ifdef STDC_HEADERS
| # include <stdlib.h>
| # include <stddef.h>
| #else
| # ifdef HAVE_STDLIB_H
| #  include <stdlib.h>
| # endif
| #endif
| #ifdef HAVE_STRING_H
| # if !defined STDC_HEADERS && defined HAVE_MEMORY_H
| #  include <memory.h>
| # endif
| # include <string.h>
| #endif
| #ifdef HAVE_STRINGS_H
| # include <strings.h>
| #endif
| #ifdef HAVE_INTTYPES_H
| # include <inttypes.h>
| #endif
| #ifdef HAVE_STDINT_H
| # include <stdint.h>
| #endif
| #ifdef HAVE_UNISTD_H
| # include <unistd.h>
| #endif
| int
| main ()
| {
| if (sizeof ((_Bool)))
| 	    return 0;
|   ;
|   return 0;
| }
configure:5173: result: yes
configure:5192: checking for stdint.h
configure:5192: result: yes
configure:5202: checking for uint64_t
configure:5202: gcc -c -g -O2  conftest.c >&5
configure:5202: $? = 0
configure:5202: result: yes
configure:5264: checking how to print strings
configure:5291: result: printf
configure:5312: checking for a sed that does not truncate output
configure:5376: result: /bin/sed
configure:5394: checking for fgrep
configure:5456: result: /bin/grep -F
configure:5491: checking for ld used by gcc
configure:5558: result: /usr/bin/ld
configure:5565: checking if the linker (/usr/bin/ld) is GNU ld
configure:5580: result: yes
configure:5592: checking for BSD- or MS-compatible name lister (nm)
configure:5646: result: /usr/bin/nm -B
configure:5776: checking the name lister (/usr/bin/nm -B) interface
configure:5783: gcc -c -g -O2  conftest.c >&5
configure:5786: /usr/bin/nm -B "conftest.o"
configure:5789: output
0000000000000000 B some_variable
configure:5796: result: BSD nm
configure:5799: checking whether ln -s works
configure:5803: result: yes
configure:5811: checking the maximum length of command line arguments
configure:5942: result: 1572864
configure:5990: checking how to convert x86_64-pc-linux-gnu file names to x86_64-pc-linux-gnu format
configure:6030: result: func_convert_file_noop
configure:6037: checking how to convert x86_64-pc-linux-gnu file names to toolchain format
configure:6057: result: func_convert_file_noop
configure:6064: checking for /usr/bin/ld option to reload object files
configure:6071: result: -r
configure:6145: checking for objdump
configure:6161: found /usr/bin/objdump
configure:6172: result: objdump
configure:6204: checking how to recognize dependent libraries
configure:6404: result: pass_all
configure:6489: checking for dlltool
configure:6519: result: no
configure:6549: checking how to associate runtime and link libraries
configure:6576: result: printf %s\n
configure:6700: checking for archiver @FILE support
configure:6717: gcc -c -g -O2  conftest.c >&5
configure:6717: $? = 0
configure:6720: ar cru libconftest.a @conftest.lst >&5
ar: `u' modifier ignored since `D' is the default (see `U')
configure:6723: $? = 0
configure:6728: ar cru libconftest.a @conftest.lst >&5
ar: `u' modifier ignored since `D' is the default (see `U')
ar: conftest.o: No such file or directory
configure:6731: $? = 1
configure:6743: result: @
configure:6801: checking for strip
configure:6817: found /usr/bin/strip
configure:6828: result: strip
configure:6900: checking for ranlib
configure:6916: found /usr/bin/ranlib
configure:6927: result: ranlib
configure:7029: checking command to parse /usr/bin/nm -B output from gcc object
configure:7182: gcc -c -g -O2  conftest.c >&5
configure:7185: $? = 0
configure:7189: /usr/bin/nm -B conftest.o \| sed -n -e 's/^.*[ ]\([ABCDGIRSTW][ABCDGIRSTW]*\)[ ][ ]*\([_A-Za-z][_A-Za-z0-9]*\)$/\1 \2 \2/p' | sed '/ __gnu_lto/d' \> conftest.nm
configure:7192: $? = 0
configure:7258: gcc -o conftest -g -O2   conftest.c conftstm.o >&5
configure:7261: $? = 0
configure:7299: result: ok
configure:7346: checking for sysroot
configure:7376: result: no
configure:7383: checking for a working dd
configure:7421: result: /bin/dd
configure:7425: checking how to truncate binary pipes
configure:7440: result: /bin/dd bs=4096 count=1
configure:7576: gcc -c -g -O2  conftest.c >&5
configure:7579: $? = 0
configure:7769: checking for mt
configure:7785: found /bin/mt
configure:7796: result: mt
configure:7819: checking if mt is a manifest tool
configure:7825: mt '-?'
configure:7833: result: no
configure:8507: checking for dlfcn.h
configure:8507: gcc -c -g -O2  conftest.c >&5
configure:8507: $? = 0
configure:8507: result: yes
configure:8763: checking for objdir
configure:8778: result: .libs
configure:9042: checking if gcc supports -fno-rtti -fno-exceptions
configure:9060: gcc -c -g -O2  -fno-rtti -fno-exceptions conftest.c >&5
cc1: warning: command line option '-fno-rtti' is valid for C++/ObjC++ but not for C
configure:9064: $? = 0
configure:9077: result: no
configure:9435: checking for gcc option to produce PIC
configure:9442: result: -fPIC -DPIC
configure:9450: checking if gcc PIC flag -fPIC -DPIC works
configure:9468: gcc -c -g -O2  -fPIC -DPIC -DPIC conftest.c >&5
configure:9472: $? = 0
configure:9485: result: yes
configure:9514: checking if gcc static flag -static works
configure:9542: result: yes
configure:9557: checking if gcc supports -c -o file.o
configure:9578: gcc -c -g -O2  -o out/conftest2.o conftest.c >&5
configure:9582: $? = 0
configure:9604: result: yes
configure:9612: checking if gcc supports -c -o file.o
configure:9659: result: yes
configure:9692: checking whether the gcc linker (/usr/bin/ld -m elf_x86_64) supports shared libraries
configure:10955: result: yes
configure:10992: checking whether -lc should be explicitly linked in
configure:11000: gcc -c -g -O2  conftest.c >&5
configure:11003: $? = 0
configure:11018: gcc -shared  -fPIC -DPIC conftest.o  -v -Wl,-soname -Wl,conftest -o conftest 2\>\&1 \| /bin/grep  -lc  \>/dev/null 2\>\&1
configure:11021: $? = 0
configure:11035: result: no
configure:11195: checking dynamic linker characteristics
configure:11776: gcc -o conftest -g -O2   -Wl,-rpath -Wl,/foo conftest.c  >&5
configure:11776: $? = 0
configure:12025: result: GNU/Linux ld.so
configure:12147: checking how to hardcode library paths into programs
configure:12172: result: immediate
configure:12720: checking whether stripping libraries is possible
configure:12725: result: yes
configure:12760: checking if libtool supports shared libraries
configure:12762: result: yes
configure:12765: checking whether to build shared libraries
configure:12790: result: yes
configure:12793: checking whether to build static libraries
configure:12797: result: yes
configure:12836: checking operating system
configure:12847: result: x86_64-pc-linux-gnu (Linux Compatible)
configure:14425: checking for pkg-config
configure:14443: found /usr/bin/pkg-config
configure:14455: result: /usr/bin/pkg-config
configure:14480: checking pkg-config is at least version 0.9.0
configure:14483: result: yes
configure:14494: checking for X11
configure:14501: $PKG_CONFIG --exists --print-errors "x11"
configure:14504: $? = 0
configure:14518: $PKG_CONFIG --exists --print-errors "x11"
configure:14521: $? = 0
configure:14579: result: yes
configure:14589: checking for XTST
configure:14596: $PKG_CONFIG --exists --print-errors "xtst"
configure:14599: $? = 0
configure:14613: $PKG_CONFIG --exists --print-errors "xtst"
configure:14616: $? = 0
configure:14674: result: yes
configure:14683: checking for XRecordQueryVersion in -lXtst
configure:14708: gcc -o conftest -g -O2   conftest.c -lXtst -lXtst -lX11  -lXtst -lX11  >&5
configure:14708: $? = 0
configure:14717: result: yes
configure:14733: checking for X11/extensions/record.h
configure:14733: gcc -c -g -O2  conftest.c >&5
configure:14733: $? = 0
configure:14733: result: yes
configure:14775: checking for XT
configure:14782: $PKG_CONFIG --exists --print-errors "xt"
configure:14785: $? = 0
configure:14799: $PKG_CONFIG --exists --print-errors "xt"
configure:14802: $? = 0
configure:14860: result: yes
configure:14983: checking for XTestQueryExtension in -lXtst
configure:15008: gcc -o conftest -g -O2   conftest.c -lXtst -lXt -lX11 -lXtst -lXtst -lX11  -lXt -lX11 -lXtst -lXtst -lX11  >&5
configure:15008: $? = 0
configure:15017: result: yes
configure:15022: checking for X11/extensions/XTest.h
configure:15022: gcc -c -g -O2  conftest.c >&5
configure:15022: $? = 0
configure:15022: result: yes
configure:15162: checking for XINERAMA
configure:15169: $PKG_CONFIG --exists --print-errors "xinerama"
configure:15172: $? = 0
configure:15186: $PKG_CONFIG --exists --print-errors "xinerama"
configure:15189: $? = 0
configure:15247: result: yes
configure:15697: checking for X11_XCB
configure:15704: $PKG_CONFIG --exists --print-errors "x11-xcb"
configure:15707: $? = 0
configure:15721: $PKG_CONFIG --exists --print-errors "x11-xcb"
configure:15724: $? = 0
configure:15782: result: yes
configure:15792: checking for XKBCOMMON
configure:15799: $PKG_CONFIG --exists --print-errors "xkbcommon"
configure:15802: $? = 0
configure:15816: $PKG_CONFIG --exists --print-errors "xkbcommon"
configure:15819: $? = 0
configure:15877: result: yes
configure:15887: checking for XKBCOMMON_X11
configure:15894: $PKG_CONFIG --exists --print-errors "xkbcommon-x11"
configure:15897: $? = 0
configure:15911: $PKG_CONFIG --exists --print-errors "xkbcommon-x11"
configure:15914: $? = 0
configure:15972: result: yes
configure:15996: checking for XKBFILE
configure:16003: $PKG_CONFIG --exists --print-errors "xkbfile"
configure:16006: $? = 0
configure:16020: $PKG_CONFIG --exists --print-errors "xkbfile"
configure:16023: $? = 0
configure:16081: result: yes
configure:16280: checking that generated files are newer than configure
configure:16286: result: done
configure:16333: creating ./config.status

## ---------------------- ##
## Running config.status. ##
## ---------------------- ##

This file was extended by uiohook config.status 1.1.0, which was
generated by GNU Autoconf 2.69.  Invocation command line was

  CONFIG_FILES    = 
  CONFIG_HEADERS  = 
  CONFIG_LINKS    = 
  CONFIG_COMMANDS = 
  $ ./config.status 

on bwp-System-Product-Name

config.status:1146: creating pc/uiohook.pc
config.status:1146: creating Makefile
config.status:1146: creating include/config.h
config.status:1327: include/config.h is unchanged
config.status:1375: executing depfiles commands
config.status:1375: executing libtool commands

## ---------------- ##
## Cache variables. ##
## ---------------- ##

ac_cv_build=x86_64-pc-linux-gnu
ac_cv_c_compiler_gnu=yes
ac_cv_c_const=yes
ac_cv_c_uint64_t=yes
ac_cv_env_CC_set=
ac_cv_env_CC_value=
ac_cv_env_CFLAGS_set=
ac_cv_env_CFLAGS_value=
ac_cv_env_CPPFLAGS_set=
ac_cv_env_CPPFLAGS_value=
ac_cv_env_CPP_set=
ac_cv_env_CPP_value=
ac_cv_env_LDFLAGS_set=
ac_cv_env_LDFLAGS_value=
ac_cv_env_LIBS_set=
ac_cv_env_LIBS_value=
ac_cv_env_LT_SYS_LIBRARY_PATH_set=
ac_cv_env_LT_SYS_LIBRARY_PATH_value=
ac_cv_env_PKG_CONFIG_LIBDIR_set=
ac_cv_env_PKG_CONFIG_LIBDIR_value=
ac_cv_env_PKG_CONFIG_PATH_set=
ac_cv_env_PKG_CONFIG_PATH_value=
ac_cv_env_PKG_CONFIG_set=
ac_cv_env_PKG_CONFIG_value=
ac_cv_env_X11_CFLAGS_set=
ac_cv_env_X11_CFLAGS_value=
ac_cv_env_X11_LIBS_set=
ac_cv_env_X11_LIBS_value=
ac_cv_env_X11_XCB_CFLAGS_set=
ac_cv_env_X11_XCB_CFLAGS_value=
ac_cv_env_X11_XCB_LIBS_set=
ac_cv_env_X11_XCB_LIBS_value=
ac_cv_env_XF86MISC_CFLAGS_set=
ac_cv_env_XF86MISC_CFLAGS_value=
ac_cv_env_XF86MISC_LIBS_set=
ac_cv_env_XF86MISC_LIBS_value=
ac_cv_env_XINERAMA_CFLAGS_set=
ac_cv_env_XINERAMA_CFLAGS_value=
ac_cv_env_XINERAMA_LIBS_set=
ac_cv_env_XINERAMA_LIBS_value=
ac_cv_env_XKBCOMMON_CFLAGS_set=
ac_cv_env_XKBCOMMON_CFLAGS_value=
ac_cv_env_XKBCOMMON_LIBS_set=
ac_cv_env_XKBCOMMON_LIBS_value=
ac_cv_env_XKBCOMMON_X11_CFLAGS_set=
ac_cv_env_XKBCOMMON_X11_CFLAGS_value=
ac_cv_env_XKBCOMMON_X11_LIBS_set=
ac_cv_env_XKBCOMMON_X11_LIBS_value=
ac_cv_env_XKBFILE_CFLAGS_set=
ac_cv_env_XKBFILE_CFLAGS_value=
ac_cv_env_XKBFILE_LIBS_set=
ac_cv_env_XKBFILE_LIBS_value=
ac_cv_env_XRANDR_CFLAGS_set=
ac_cv_env_XRANDR_CFLAGS_value=
ac_cv_env_XRANDR_LIBS_set=
ac_cv_env_XRANDR_LIBS_value=
ac_cv_env_XTST_CFLAGS_set=
ac_cv_env_XTST_CFLAGS_value=
ac_cv_env_XTST_LIBS_set=
ac_cv_env_XTST_LIBS_value=
ac_cv_env_XT_CFLAGS_set=
ac_cv_env_XT_CFLAGS_value=
ac_cv_env_XT_LIBS_set=
ac_cv_env_XT_LIBS_value=
ac_cv_env_build_alias_set=
ac_cv_env_build_alias_value=
ac_cv_env_host_alias_set=
ac_cv_env_host_alias_value=
ac_cv_env_target_alias_set=
ac_cv_env_target_alias_value=
ac_cv_header_X11_extensions_XTest_h=yes
ac_cv_header_X11_extensions_record_h=yes
ac_cv_header_dlfcn_h=yes
ac_cv_header_inttypes_h=yes
ac_cv_header_memory_h=yes
ac_cv_header_stdbool_h=yes
ac_cv_header_stdc=yes
ac_cv_header_stdint_h=yes
ac_cv_header_stdlib_h=yes
ac_cv_header_string_h=yes
ac_cv_header_strings_h=yes
ac_cv_header_sys_stat_h=yes
ac_cv_header_sys_types_h=yes
ac_cv_header_unistd_h=yes
ac_cv_host=x86_64-pc-linux-gnu
ac_cv_lib_Xtst_XRecordQueryVersion=yes
ac_cv_lib_Xtst_XTestQueryExtension=yes
ac_cv_objext=o
ac_cv_path_EGREP='/bin/grep -E'
ac_cv_path_FGREP='/bin/grep -F'
ac_cv_path_GREP=/bin/grep
ac_cv_path_SED=/bin/sed
ac_cv_path_ac_pt_PKG_CONFIG=/usr/bin/pkg-config
ac_cv_path_install='/usr/bin/install -c'
ac_cv_path_lt_DD=/bin/dd
ac_cv_path_mkdir=/bin/mkdir
ac_cv_prog_AWK=gawk
ac_cv_prog_CPP='gcc -E'
ac_cv_prog_ac_ct_AR=ar
ac_cv_prog_ac_ct_CC=gcc
ac_cv_prog_ac_ct_MANIFEST_TOOL=mt
ac_cv_prog_ac_ct_OBJDUMP=objdump
ac_cv_prog_ac_ct_RANLIB=ranlib
ac_cv_prog_ac_ct_STRIP=strip
ac_cv_prog_cc_c89=
ac_cv_prog_cc_c99=
ac_cv_prog_cc_g=yes
ac_cv_prog_make_make_set=yes
ac_cv_target=x86_64-pc-linux-gnu
ac_cv_type__Bool=yes
am_cv_CC_dependencies_compiler_type=gcc3
am_cv_ar_interface=ar
am_cv_make_support_nested_variables=yes
am_cv_prog_cc_c_o=yes
lt_cv_ar_at_file=@
lt_cv_archive_cmds_need_lc=no
lt_cv_deplibs_check_method=pass_all
lt_cv_file_magic_cmd='$MAGIC_CMD'
lt_cv_file_magic_test_file=
lt_cv_ld_reload_flag=-r
lt_cv_nm_interface='BSD nm'
lt_cv_objdir=.libs
lt_cv_path_LD=/usr/bin/ld
lt_cv_path_NM='/usr/bin/nm -B'
lt_cv_path_mainfest_tool=no
lt_cv_prog_compiler_c_o=yes
lt_cv_prog_compiler_pic='-fPIC -DPIC'
lt_cv_prog_compiler_pic_works=yes
lt_cv_prog_compiler_rtti_exceptions=no
lt_cv_prog_compiler_static_works=yes
lt_cv_prog_gnu_ld=yes
lt_cv_sharedlib_from_linklib_cmd='printf %s\n'
lt_cv_shlibpath_overrides_runpath=yes
lt_cv_sys_global_symbol_pipe='sed -n -e '\''s/^.*[	 ]\([ABCDGIRSTW][ABCDGIRSTW]*\)[	 ][	 ]*\([_A-Za-z][_A-Za-z0-9]*\)$/\1 \2 \2/p'\'' | sed '\''/ __gnu_lto/d'\'''
lt_cv_sys_global_symbol_to_c_name_address='sed -n -e '\''s/^: \(.*\) .*$/  {"\1", (void *) 0},/p'\'' -e '\''s/^[ABCDGIRSTW][ABCDGIRSTW]* .* \(.*\)$/  {"\1", (void *) \&\1},/p'\'''
lt_cv_sys_global_symbol_to_c_name_address_lib_prefix='sed -n -e '\''s/^: \(.*\) .*$/  {"\1", (void *) 0},/p'\'' -e '\''s/^[ABCDGIRSTW][ABCDGIRSTW]* .* \(lib.*\)$/  {"\1", (void *) \&\1},/p'\'' -e '\''s/^[ABCDGIRSTW][ABCDGIRSTW]* .* \(.*\)$/  {"lib\1", (void *) \&\1},/p'\'''
lt_cv_sys_global_symbol_to_cdecl='sed -n -e '\''s/^T .* \(.*\)$/extern int \1();/p'\'' -e '\''s/^[ABCDGIRSTW][ABCDGIRSTW]* .* \(.*\)$/extern char \1;/p'\'''
lt_cv_sys_global_symbol_to_import=
lt_cv_sys_max_cmd_len=1572864
lt_cv_to_host_file_cmd=func_convert_file_noop
lt_cv_to_tool_file_cmd=func_convert_file_noop
lt_cv_truncate_bin='/bin/dd bs=4096 count=1'
pkg_cv_X11_CFLAGS=
pkg_cv_X11_LIBS=-lX11
pkg_cv_X11_XCB_CFLAGS=
pkg_cv_X11_XCB_LIBS='-lX11-xcb -lX11 -lxcb'
pkg_cv_XINERAMA_CFLAGS=
pkg_cv_XINERAMA_LIBS=-lXinerama
pkg_cv_XKBCOMMON_CFLAGS=
pkg_cv_XKBCOMMON_LIBS=-lxkbcommon
pkg_cv_XKBCOMMON_X11_CFLAGS=
pkg_cv_XKBCOMMON_X11_LIBS='-lxkbcommon-x11 -lxkbcommon'
pkg_cv_XKBFILE_CFLAGS=
pkg_cv_XKBFILE_LIBS=-lxkbfile
pkg_cv_XTST_CFLAGS=
pkg_cv_XTST_LIBS=-lXtst
pkg_cv_XT_CFLAGS=
pkg_cv_XT_LIBS='-lXt -lX11'

## ----------------- ##
## Output variables. ##
## ----------------- ##

ACLOCAL='${SHELL} /home/bwp/softphone/test/iohook/libuiohook/config/missing aclocal-1.15'
AMDEPBACKSLASH='\'
AMDEP_FALSE='#'
AMDEP_TRUE=''
AMTAR='$${TAR-tar}'
AM_BACKSLASH='\'
AM_DEFAULT_V='$(AM_DEFAULT_VERBOSITY)'
AM_DEFAULT_VERBOSITY='1'
AM_V='$(V)'
AR='ar'
AS=''
AUTOCONF='${SHELL} /home/bwp/softphone/test/iohook/libuiohook/config/missing autoconf'
AUTOHEADER='${SHELL} /home/bwp/softphone/test/iohook/libuiohook/config/missing autoheader'
AUTOMAKE='${SHELL} /home/bwp/softphone/test/iohook/libuiohook/config/missing automake-1.15'
AWK='gawk'
BUILD_DARWIN_FALSE=''
BUILD_DARWIN_TRUE='#'
BUILD_DEMO_FALSE=''
BUILD_DEMO_TRUE='#'
BUILD_TEST_FALSE=''
BUILD_TEST_TRUE='#'
BUILD_WINDOWS_FALSE=''
BUILD_WINDOWS_TRUE='#'
BUILD_X11_FALSE='#'
BUILD_X11_TRUE=''
CC='gcc'
CCDEPMODE='depmode=gcc3'
CFLAGS='  -g -O2'
CPP='gcc -E'
CPPFLAGS=''
CYGPATH_W='echo'
DEFS='-DHAVE_CONFIG_H'
DEMO_CFLAGS=''
DEMO_LIBS=''
DEPDIR='.deps'
DLLTOOL='false'
DSYMUTIL=''
DUMPBIN=''
ECHO_C=''
ECHO_N='-n'
ECHO_T=''
EGREP='/bin/grep -E'
EXEEXT=''
FGREP='/bin/grep -F'
GREP='/bin/grep'
INSTALL_DATA='${INSTALL} -m 644'
INSTALL_PROGRAM='${INSTALL}'
INSTALL_SCRIPT='${INSTALL}'
INSTALL_STRIP_PROGRAM='$(install_sh) -c -s'
LD='/usr/bin/ld -m elf_x86_64'
LDFLAGS=' -Wl,--no-undefined'
LIBOBJS=''
LIBS='-lxkbfile -lxkbcommon-x11 -lxkbcommon -lxkbcommon -lX11-xcb -lX11 -lxcb -lXinerama -lXt -lX11 -lXtst -lXtst -lX11 '
LIBTOOL='$(SHELL) $(top_builddir)/libtool'
LIPO=''
LN_S='ln -s'
LTLIBOBJS=''
LT_SYS_LIBRARY_PATH=''
MAKEINFO='${SHELL} /home/bwp/softphone/test/iohook/libuiohook/config/missing makeinfo'
MANIFEST_TOOL=':'
MKDIR_P='/bin/mkdir -p'
NM='/usr/bin/nm -B'
NMEDIT=''
OBJDUMP='objdump'
OBJEXT='o'
OTOOL64=''
OTOOL=''
PACKAGE='uiohook'
PACKAGE_BUGREPORT='alex@1stleg.com'
PACKAGE_NAME='uiohook'
PACKAGE_STRING='uiohook 1.1.0'
PACKAGE_TARNAME='uiohook'
PACKAGE_URL=''
PACKAGE_VERSION='1.1.0'
PATH_SEPARATOR=':'
PKG_CONFIG='/usr/bin/pkg-config'
PKG_CONFIG_LIBDIR=''
PKG_CONFIG_PATH=''
PTHREAD_CC=''
PTHREAD_CFLAGS=''
PTHREAD_LIBS=''
RANLIB='ranlib'
REQUIRE=' x11 xtst xt xinerama x11-xcb xkbcommon xkbcommon-x11 xkbfile'
SED='/bin/sed'
SET_MAKE=''
SHELL='/bin/bash'
STRIP='strip'
TEST_LIBS=''
VERSION='1.1.0'
X11_CFLAGS=''
X11_LIBS='-lX11'
X11_XCB_CFLAGS=''
X11_XCB_LIBS='-lX11-xcb -lX11 -lxcb'
XF86MISC_CFLAGS=''
XF86MISC_LIBS=''
XINERAMA_CFLAGS=''
XINERAMA_LIBS='-lXinerama'
XKBCOMMON_CFLAGS=''
XKBCOMMON_LIBS='-lxkbcommon'
XKBCOMMON_X11_CFLAGS=''
XKBCOMMON_X11_LIBS='-lxkbcommon-x11 -lxkbcommon'
XKBFILE_CFLAGS=''
XKBFILE_LIBS='-lxkbfile'
XRANDR_CFLAGS=''
XRANDR_LIBS=''
XTST_CFLAGS=''
XTST_LIBS='-lXtst'
XT_CFLAGS=''
XT_LIBS='-lXt -lX11'
ac_ct_AR='ar'
ac_ct_CC='gcc'
ac_ct_DUMPBIN=''
am__EXEEXT_FALSE=''
am__EXEEXT_TRUE='#'
am__fastdepCC_FALSE='#'
am__fastdepCC_TRUE=''
am__include='include'
am__isrc=''
am__leading_dot='.'
am__nodep='_no'
am__quote=''
am__tar='$${TAR-tar} chof - "$$tardir"'
am__untar='$${TAR-tar} xf -'
ax_pthread_config=''
backend='x11'
bindir='${exec_prefix}/bin'
build='x86_64-pc-linux-gnu'
build_alias=''
build_cpu='x86_64'
build_os='linux-gnu'
build_vendor='pc'
datadir='${datarootdir}'
datarootdir='${prefix}/share'
docdir='${datarootdir}/doc/${PACKAGE_TARNAME}'
dvidir='${docdir}'
exec_prefix='${prefix}'
host='x86_64-pc-linux-gnu'
host_alias=''
host_cpu='x86_64'
host_os='linux-gnu'
host_vendor='pc'
htmldir='${docdir}'
includedir='${prefix}/include'
infodir='${datarootdir}/info'
install_sh='${SHELL} /home/bwp/softphone/test/iohook/libuiohook/config/install-sh'
libdir='${exec_prefix}/lib'
libexecdir='${exec_prefix}/libexec'
localedir='${datarootdir}/locale'
localstatedir='${prefix}/var'
mandir='${datarootdir}/man'
mkdir_p='$(MKDIR_P)'
oldincludedir='/usr/include'
pdfdir='${docdir}'
prefix='/usr/local'
program_transform_name='s,x,x,'
psdir='${docdir}'
runstatedir='${localstatedir}/run'
sbindir='${exec_prefix}/sbin'
sharedstatedir='${prefix}/com'
sysconfdir='${prefix}/etc'
target='x86_64-pc-linux-gnu'
target_alias=''
target_cpu='x86_64'
target_os='linux-gnu'
target_vendor='pc'

## ----------- ##
## confdefs.h. ##
## ----------- ##

/* confdefs.h */
#define PACKAGE_NAME "uiohook"
#define PACKAGE_TARNAME "uiohook"
#define PACKAGE_VERSION "1.1.0"
#define PACKAGE_STRING "uiohook 1.1.0"
#define PACKAGE_BUGREPORT "alex@1stleg.com"
#define PACKAGE_URL ""
#define PACKAGE "uiohook"
#define VERSION "1.1.0"
#define STDC_HEADERS 1
#define HAVE_SYS_TYPES_H 1
#define HAVE_SYS_STAT_H 1
#define HAVE_STDLIB_H 1
#define HAVE_STRING_H 1
#define HAVE_MEMORY_H 1
#define HAVE_STRINGS_H 1
#define HAVE_INTTYPES_H 1
#define HAVE_STDINT_H 1
#define HAVE_UNISTD_H 1
#define HAVE__BOOL 1
#define HAVE_STDBOOL_H 1
#define HAVE_STDINT_H 1
#define HAVE_DLFCN_H 1
#define LT_OBJDIR ".libs/"
#define HAVE_LIBXTST 1
#define HAVE_X11_EXTENSIONS_RECORD_H 1
#define USE_EVDEV 1
#define USE_XKB 1
#define USE_XT 1
#define HAVE_X11_EXTENSIONS_XTEST_H 1
#define USE_XTEST 1
#define USE_XINERAMA 1
#define USE_XKBCOMMON 1
#define USE_XKBFILE 1

configure: exit 0
